#! /usr/local/bin/vvp
:ivl_version "11.0 (devel)" "(s20150603-551-g797fe44-dirty)";
:ivl_delay_selection "TYPICAL";
:vpi_time_precision + 0;
:vpi_module "system";
:vpi_module "vhdl_sys";
:vpi_module "vhdl_textio";
:vpi_module "v2005_math";
:vpi_module "va_math";
S_0xa67240 .scope module, "main_tb" "main_tb" 2 3;
 .timescale 0 0;
v0xaaaa00_0 .var "PC", 31 0;
v0xaaab10_0 .var "clk", 0 0;
v0xaaabd0_0 .net "out", 31 0, v0xaa8e80_0;  1 drivers
S_0xa68d00 .scope module, "uut" "main" 2 8, 3 3 0, S_0xa67240;
 .timescale 0 0;
    .port_info 0 /INPUT 32 "PC";
    .port_info 1 /INPUT 1 "clk";
    .port_info 2 /OUTPUT 32 "out";
v0xaaa360_0 .net "PC", 31 0, v0xaaaa00_0;  1 drivers
v0xaaa440_0 .net "clk", 0 0, v0xaaab10_0;  1 drivers
v0xaaa4e0_0 .net "control", 3 0, v0xaa6f10_0;  1 drivers
v0xaaa5b0_0 .net "in", 5 0, L_0xaaacc0;  1 drivers
v0xaaa670_0 .net "inp", 31 0, v0xaa6940_0;  1 drivers
v0xaaa780_0 .var "k", 0 0;
v0xaaa840_0 .var "main_control", 8 0;
v0xaaa900_0 .net "out", 31 0, v0xaa8e80_0;  alias, 1 drivers
L_0xaaacc0 .part v0xaa6940_0, 26, 6;
L_0xaaad60 .part v0xaaa840_0, 4, 2;
L_0xaaae80 .part v0xaa6940_0, 0, 6;
S_0xa689d0 .scope module, "k1" "instructionset" 3 25, 4 3 0, S_0xa68d00;
 .timescale 0 0;
    .port_info 0 /INPUT 32 "PC";
    .port_info 1 /INPUT 1 "clk";
    .port_info 2 /OUTPUT 32 "output_instruction";
v0xa6ec40_0 .net "PC", 31 0, v0xaaaa00_0;  alias, 1 drivers
v0xaa66d0_0 .net "clk", 0 0, v0xaaab10_0;  alias, 1 drivers
v0xaa6790 .array "instruction", 0 150, 31 0;
v0xaa6860_0 .var/i "num", 31 0;
v0xaa6940_0 .var "output_instruction", 31 0;
E_0xa55840 .event posedge, v0xaa66d0_0;
S_0xaa6af0 .scope module, "m0" "alucontrol" 3 41, 5 4 0, S_0xa68d00;
 .timescale 0 0;
    .port_info 0 /INPUT 2 "aluop";
    .port_info 1 /INPUT 1 "clk";
    .port_info 2 /INPUT 6 "func";
    .port_info 3 /OUTPUT 4 "cont";
v0xaa6d40_0 .net "aluop", 1 0, L_0xaaad60;  1 drivers
v0xaa6e20_0 .net "clk", 0 0, v0xaaab10_0;  alias, 1 drivers
v0xaa6f10_0 .var "cont", 3 0;
v0xaa6fe0_0 .net "func", 5 0, L_0xaaae80;  1 drivers
S_0xaa7150 .scope module, "u0" "register" 3 42, 6 5 0, S_0xa68d00;
 .timescale 0 0;
    .port_info 0 /INPUT 32 "inp";
    .port_info 1 /INPUT 1 "clk";
    .port_info 2 /INPUT 9 "ctrlunit";
    .port_info 3 /INPUT 4 "ctrl";
    .port_info 4 /OUTPUT 32 "out";
L_0xaaafb0 .functor BUFZ 32, v0xaa91a0_0, C4<00000000000000000000000000000000>, C4<00000000000000000000000000000000>, C4<00000000000000000000000000000000>;
v0xaa8870_0 .net "alu_output", 31 0, v0xaa86b0_0;  1 drivers
v0xaa89a0_0 .net "clk", 0 0, v0xaaab10_0;  alias, 1 drivers
v0xaa8af0_0 .net "ctrl", 3 0, v0xaa6f10_0;  alias, 1 drivers
v0xaa8b90_0 .net "ctrlunit", 8 0, v0xaaa840_0;  1 drivers
v0xaa8c50_0 .var "f_write", 0 0;
v0xaa8d40_0 .net "inp", 31 0, v0xaa6940_0;  alias, 1 drivers
v0xaa8de0_0 .net "mem_out", 31 0, v0xaa79b0_0;  1 drivers
v0xaa8e80_0 .var "out", 31 0;
v0xaa8f40_0 .var "reg_dst", 4 0;
v0xaa90b0_0 .var "reg_out1", 31 0;
v0xaa91a0_0 .var "reg_out2", 31 0;
v0xaa9260_0 .var "reg_x", 31 0;
v0xaa9350_0 .var "s0", 31 0;
v0xaa9410_0 .var "s1", 31 0;
v0xaa94f0_0 .var "s2", 31 0;
v0xaa95d0_0 .var "s3", 31 0;
v0xaa96b0_0 .var "s4", 31 0;
v0xaa9860_0 .var "s5", 31 0;
v0xaa9900_0 .var "s6", 31 0;
v0xaa99e0_0 .var "s7", 31 0;
v0xaa9ac0_0 .var "t0", 31 0;
v0xaa9ba0_0 .var "t1", 31 0;
v0xaa9c80_0 .var "t2", 31 0;
v0xaa9d60_0 .var "t3", 31 0;
v0xaa9e40_0 .var "t4", 31 0;
v0xaa9f20_0 .var "t5", 31 0;
v0xaaa000_0 .var "t6", 31 0;
v0xaaa0e0_0 .var "t7", 31 0;
v0xaaa1c0_0 .net "temp", 31 0, L_0xaaafb0;  1 drivers
L_0xaab020 .part v0xaaa840_0, 2, 1;
L_0xaab0f0 .part v0xaaa840_0, 6, 1;
S_0xaa73e0 .scope module, "m1" "mainmemory" 6 92, 7 4 0, S_0xaa7150;
 .timescale 0 0;
    .port_info 0 /INPUT 32 "address";
    .port_info 1 /INPUT 1 "clk";
    .port_info 2 /INPUT 1 "mem_read";
    .port_info 3 /INPUT 1 "mem_write";
    .port_info 4 /INPUT 32 "input_data";
    .port_info 5 /INPUT 1 "f_write";
    .port_info 6 /OUTPUT 32 "data";
v0xaa76b0_0 .net "address", 31 0, v0xaa86b0_0;  alias, 1 drivers
v0xaa77b0_0 .var/i "adr", 31 0;
v0xaa7890_0 .net "clk", 0 0, v0xaaab10_0;  alias, 1 drivers
v0xaa79b0_0 .var "data", 31 0;
v0xaa7a70_0 .var/i "f", 31 0;
v0xaa7ba0_0 .net "f_write", 0 0, v0xaa8c50_0;  1 drivers
v0xaa7c60_0 .net "input_data", 31 0, L_0xaaafb0;  alias, 1 drivers
v0xaa7d40_0 .net "mem_read", 0 0, L_0xaab020;  1 drivers
v0xaa7e20_0 .net "mem_write", 0 0, L_0xaab0f0;  1 drivers
v0xaa7f90 .array "memory", 0 100, 31 0;
S_0xaa8170 .scope module, "u1" "alu" 6 91, 8 3 0, S_0xaa7150;
 .timescale 0 0;
    .port_info 0 /INPUT 32 "in1";
    .port_info 1 /INPUT 32 "in2";
    .port_info 2 /INPUT 1 "clk";
    .port_info 3 /INPUT 4 "control";
    .port_info 4 /OUTPUT 32 "out";
v0xaa83a0_0 .net "clk", 0 0, v0xaaab10_0;  alias, 1 drivers
v0xaa8440_0 .net "control", 3 0, v0xaa6f10_0;  alias, 1 drivers
v0xaa8500_0 .net "in1", 31 0, v0xaa90b0_0;  1 drivers
v0xaa85d0_0 .net "in2", 31 0, v0xaa9260_0;  1 drivers
v0xaa86b0_0 .var "out", 31 0;
    .scope S_0xa689d0;
T_0 ;
    %pushi/vec4 2398093312, 0, 32;
    %ix/load 4, 0, 0;
    %flag_set/imm 4, 0;
    %store/vec4a v0xaa6790, 4, 0;
    %pushi/vec4 2398158857, 0, 32;
    %ix/load 4, 1, 0;
    %flag_set/imm 4, 0;
    %store/vec4a v0xaa6790, 4, 0;
    %pushi/vec4 34684976, 0, 32;
    %ix/load 4, 2, 0;
    %flag_set/imm 4, 0;
    %store/vec4a v0xaa6790, 4, 0;
    %pushi/vec4 2398093313, 0, 32;
    %ix/load 4, 3, 0;
    %flag_set/imm 4, 0;
    %store/vec4a v0xaa6790, 4, 0;
    %pushi/vec4 2398158860, 0, 32;
    %ix/load 4, 4, 0;
    %flag_set/imm 4, 0;
    %store/vec4a v0xaa6790, 4, 0;
    %pushi/vec4 34687024, 0, 32;
    %ix/load 4, 5, 0;
    %flag_set/imm 4, 0;
    %store/vec4a v0xaa6790, 4, 0;
    %pushi/vec4 2398093314, 0, 32;
    %ix/load 4, 6, 0;
    %flag_set/imm 4, 0;
    %store/vec4a v0xaa6790, 4, 0;
    %pushi/vec4 2398158863, 0, 32;
    %ix/load 4, 7, 0;
    %flag_set/imm 4, 0;
    %store/vec4a v0xaa6790, 4, 0;
    %pushi/vec4 34689072, 0, 32;
    %ix/load 4, 8, 0;
    %flag_set/imm 4, 0;
    %store/vec4a v0xaa6790, 4, 0;
    %pushi/vec4 17389600, 0, 32;
    %ix/load 4, 9, 0;
    %flag_set/imm 4, 0;
    %store/vec4a v0xaa6790, 4, 0;
    %pushi/vec4 21717024, 0, 32;
    %ix/load 4, 10, 0;
    %flag_set/imm 4, 0;
    %store/vec4a v0xaa6790, 4, 0;
    %pushi/vec4 2934702130, 0, 32;
    %ix/load 4, 11, 0;
    %flag_set/imm 4, 0;
    %store/vec4a v0xaa6790, 4, 0;
    %pushi/vec4 2398093312, 0, 32;
    %ix/load 4, 12, 0;
    %flag_set/imm 4, 0;
    %store/vec4a v0xaa6790, 4, 0;
    %pushi/vec4 2398158858, 0, 32;
    %ix/load 4, 13, 0;
    %flag_set/imm 4, 0;
    %store/vec4a v0xaa6790, 4, 0;
    %pushi/vec4 34684976, 0, 32;
    %ix/load 4, 14, 0;
    %flag_set/imm 4, 0;
    %store/vec4a v0xaa6790, 4, 0;
    %pushi/vec4 2398093313, 0, 32;
    %ix/load 4, 15, 0;
    %flag_set/imm 4, 0;
    %store/vec4a v0xaa6790, 4, 0;
    %pushi/vec4 2398158861, 0, 32;
    %ix/load 4, 16, 0;
    %flag_set/imm 4, 0;
    %store/vec4a v0xaa6790, 4, 0;
    %pushi/vec4 34687024, 0, 32;
    %ix/load 4, 17, 0;
    %flag_set/imm 4, 0;
    %store/vec4a v0xaa6790, 4, 0;
    %pushi/vec4 2398093314, 0, 32;
    %ix/load 4, 18, 0;
    %flag_set/imm 4, 0;
    %store/vec4a v0xaa6790, 4, 0;
    %pushi/vec4 2398158864, 0, 32;
    %ix/load 4, 19, 0;
    %flag_set/imm 4, 0;
    %store/vec4a v0xaa6790, 4, 0;
    %pushi/vec4 34689072, 0, 32;
    %ix/load 4, 20, 0;
    %flag_set/imm 4, 0;
    %store/vec4a v0xaa6790, 4, 0;
    %pushi/vec4 17389600, 0, 32;
    %ix/load 4, 21, 0;
    %flag_set/imm 4, 0;
    %store/vec4a v0xaa6790, 4, 0;
    %pushi/vec4 21717024, 0, 32;
    %ix/load 4, 22, 0;
    %flag_set/imm 4, 0;
    %store/vec4a v0xaa6790, 4, 0;
    %pushi/vec4 2934702131, 0, 32;
    %ix/load 4, 23, 0;
    %flag_set/imm 4, 0;
    %store/vec4a v0xaa6790, 4, 0;
    %pushi/vec4 2398093312, 0, 32;
    %ix/load 4, 24, 0;
    %flag_set/imm 4, 0;
    %store/vec4a v0xaa6790, 4, 0;
    %pushi/vec4 2398158859, 0, 32;
    %ix/load 4, 25, 0;
    %flag_set/imm 4, 0;
    %store/vec4a v0xaa6790, 4, 0;
    %pushi/vec4 34684976, 0, 32;
    %ix/load 4, 26, 0;
    %flag_set/imm 4, 0;
    %store/vec4a v0xaa6790, 4, 0;
    %pushi/vec4 2398093313, 0, 32;
    %ix/load 4, 27, 0;
    %flag_set/imm 4, 0;
    %store/vec4a v0xaa6790, 4, 0;
    %pushi/vec4 2398158862, 0, 32;
    %ix/load 4, 28, 0;
    %flag_set/imm 4, 0;
    %store/vec4a v0xaa6790, 4, 0;
    %pushi/vec4 34687024, 0, 32;
    %ix/load 4, 29, 0;
    %flag_set/imm 4, 0;
    %store/vec4a v0xaa6790, 4, 0;
    %pushi/vec4 2398093314, 0, 32;
    %ix/load 4, 30, 0;
    %flag_set/imm 4, 0;
    %store/vec4a v0xaa6790, 4, 0;
    %pushi/vec4 2398158865, 0, 32;
    %ix/load 4, 31, 0;
    %flag_set/imm 4, 0;
    %store/vec4a v0xaa6790, 4, 0;
    %pushi/vec4 34689072, 0, 32;
    %ix/load 4, 32, 0;
    %flag_set/imm 4, 0;
    %store/vec4a v0xaa6790, 4, 0;
    %pushi/vec4 17389600, 0, 32;
    %ix/load 4, 33, 0;
    %flag_set/imm 4, 0;
    %store/vec4a v0xaa6790, 4, 0;
    %pushi/vec4 21717024, 0, 32;
    %ix/load 4, 34, 0;
    %flag_set/imm 4, 0;
    %store/vec4a v0xaa6790, 4, 0;
    %pushi/vec4 2934702132, 0, 32;
    %ix/load 4, 35, 0;
    %flag_set/imm 4, 0;
    %store/vec4a v0xaa6790, 4, 0;
    %pushi/vec4 2398093315, 0, 32;
    %ix/load 4, 36, 0;
    %flag_set/imm 4, 0;
    %store/vec4a v0xaa6790, 4, 0;
    %pushi/vec4 2398158857, 0, 32;
    %ix/load 4, 37, 0;
    %flag_set/imm 4, 0;
    %store/vec4a v0xaa6790, 4, 0;
    %pushi/vec4 34684976, 0, 32;
    %ix/load 4, 38, 0;
    %flag_set/imm 4, 0;
    %store/vec4a v0xaa6790, 4, 0;
    %pushi/vec4 2398093316, 0, 32;
    %ix/load 4, 39, 0;
    %flag_set/imm 4, 0;
    %store/vec4a v0xaa6790, 4, 0;
    %pushi/vec4 2398158860, 0, 32;
    %ix/load 4, 40, 0;
    %flag_set/imm 4, 0;
    %store/vec4a v0xaa6790, 4, 0;
    %pushi/vec4 34687024, 0, 32;
    %ix/load 4, 41, 0;
    %flag_set/imm 4, 0;
    %store/vec4a v0xaa6790, 4, 0;
    %pushi/vec4 2398093317, 0, 32;
    %ix/load 4, 42, 0;
    %flag_set/imm 4, 0;
    %store/vec4a v0xaa6790, 4, 0;
    %pushi/vec4 2398158863, 0, 32;
    %ix/load 4, 43, 0;
    %flag_set/imm 4, 0;
    %store/vec4a v0xaa6790, 4, 0;
    %pushi/vec4 34689072, 0, 32;
    %ix/load 4, 44, 0;
    %flag_set/imm 4, 0;
    %store/vec4a v0xaa6790, 4, 0;
    %pushi/vec4 17389600, 0, 32;
    %ix/load 4, 45, 0;
    %flag_set/imm 4, 0;
    %store/vec4a v0xaa6790, 4, 0;
    %pushi/vec4 21717024, 0, 32;
    %ix/load 4, 46, 0;
    %flag_set/imm 4, 0;
    %store/vec4a v0xaa6790, 4, 0;
    %pushi/vec4 2934702133, 0, 32;
    %ix/load 4, 47, 0;
    %flag_set/imm 4, 0;
    %store/vec4a v0xaa6790, 4, 0;
    %pushi/vec4 2398093315, 0, 32;
    %ix/load 4, 48, 0;
    %flag_set/imm 4, 0;
    %store/vec4a v0xaa6790, 4, 0;
    %pushi/vec4 2398158858, 0, 32;
    %ix/load 4, 49, 0;
    %flag_set/imm 4, 0;
    %store/vec4a v0xaa6790, 4, 0;
    %pushi/vec4 34684976, 0, 32;
    %ix/load 4, 50, 0;
    %flag_set/imm 4, 0;
    %store/vec4a v0xaa6790, 4, 0;
    %pushi/vec4 2398093316, 0, 32;
    %ix/load 4, 51, 0;
    %flag_set/imm 4, 0;
    %store/vec4a v0xaa6790, 4, 0;
    %pushi/vec4 2398158861, 0, 32;
    %ix/load 4, 52, 0;
    %flag_set/imm 4, 0;
    %store/vec4a v0xaa6790, 4, 0;
    %pushi/vec4 34687024, 0, 32;
    %ix/load 4, 53, 0;
    %flag_set/imm 4, 0;
    %store/vec4a v0xaa6790, 4, 0;
    %pushi/vec4 2398093317, 0, 32;
    %ix/load 4, 54, 0;
    %flag_set/imm 4, 0;
    %store/vec4a v0xaa6790, 4, 0;
    %pushi/vec4 2398158864, 0, 32;
    %ix/load 4, 55, 0;
    %flag_set/imm 4, 0;
    %store/vec4a v0xaa6790, 4, 0;
    %pushi/vec4 34689072, 0, 32;
    %ix/load 4, 56, 0;
    %flag_set/imm 4, 0;
    %store/vec4a v0xaa6790, 4, 0;
    %pushi/vec4 17389600, 0, 32;
    %ix/load 4, 57, 0;
    %flag_set/imm 4, 0;
    %store/vec4a v0xaa6790, 4, 0;
    %pushi/vec4 21717024, 0, 32;
    %ix/load 4, 58, 0;
    %flag_set/imm 4, 0;
    %store/vec4a v0xaa6790, 4, 0;
    %pushi/vec4 2934702134, 0, 32;
    %ix/load 4, 59, 0;
    %flag_set/imm 4, 0;
    %store/vec4a v0xaa6790, 4, 0;
    %pushi/vec4 2398093315, 0, 32;
    %ix/load 4, 60, 0;
    %flag_set/imm 4, 0;
    %store/vec4a v0xaa6790, 4, 0;
    %pushi/vec4 2398158859, 0, 32;
    %ix/load 4, 61, 0;
    %flag_set/imm 4, 0;
    %store/vec4a v0xaa6790, 4, 0;
    %pushi/vec4 34684976, 0, 32;
    %ix/load 4, 62, 0;
    %flag_set/imm 4, 0;
    %store/vec4a v0xaa6790, 4, 0;
    %pushi/vec4 2398093316, 0, 32;
    %ix/load 4, 63, 0;
    %flag_set/imm 4, 0;
    %store/vec4a v0xaa6790, 4, 0;
    %pushi/vec4 2398158862, 0, 32;
    %ix/load 4, 64, 0;
    %flag_set/imm 4, 0;
    %store/vec4a v0xaa6790, 4, 0;
    %pushi/vec4 34687024, 0, 32;
    %ix/load 4, 65, 0;
    %flag_set/imm 4, 0;
    %store/vec4a v0xaa6790, 4, 0;
    %pushi/vec4 2398093317, 0, 32;
    %ix/load 4, 66, 0;
    %flag_set/imm 4, 0;
    %store/vec4a v0xaa6790, 4, 0;
    %pushi/vec4 2398158865, 0, 32;
    %ix/load 4, 67, 0;
    %flag_set/imm 4, 0;
    %store/vec4a v0xaa6790, 4, 0;
    %pushi/vec4 34689072, 0, 32;
    %ix/load 4, 68, 0;
    %flag_set/imm 4, 0;
    %store/vec4a v0xaa6790, 4, 0;
    %pushi/vec4 17389600, 0, 32;
    %ix/load 4, 69, 0;
    %flag_set/imm 4, 0;
    %store/vec4a v0xaa6790, 4, 0;
    %pushi/vec4 21717024, 0, 32;
    %ix/load 4, 70, 0;
    %flag_set/imm 4, 0;
    %store/vec4a v0xaa6790, 4, 0;
    %pushi/vec4 2934702135, 0, 32;
    %ix/load 4, 71, 0;
    %flag_set/imm 4, 0;
    %store/vec4a v0xaa6790, 4, 0;
    %pushi/vec4 2398093318, 0, 32;
    %ix/load 4, 72, 0;
    %flag_set/imm 4, 0;
    %store/vec4a v0xaa6790, 4, 0;
    %pushi/vec4 2398158857, 0, 32;
    %ix/load 4, 73, 0;
    %flag_set/imm 4, 0;
    %store/vec4a v0xaa6790, 4, 0;
    %pushi/vec4 34684976, 0, 32;
    %ix/load 4, 74, 0;
    %flag_set/imm 4, 0;
    %store/vec4a v0xaa6790, 4, 0;
    %pushi/vec4 2398093319, 0, 32;
    %ix/load 4, 75, 0;
    %flag_set/imm 4, 0;
    %store/vec4a v0xaa6790, 4, 0;
    %pushi/vec4 2398158860, 0, 32;
    %ix/load 4, 76, 0;
    %flag_set/imm 4, 0;
    %store/vec4a v0xaa6790, 4, 0;
    %pushi/vec4 34687024, 0, 32;
    %ix/load 4, 77, 0;
    %flag_set/imm 4, 0;
    %store/vec4a v0xaa6790, 4, 0;
    %pushi/vec4 2398093320, 0, 32;
    %ix/load 4, 78, 0;
    %flag_set/imm 4, 0;
    %store/vec4a v0xaa6790, 4, 0;
    %pushi/vec4 2398158863, 0, 32;
    %ix/load 4, 79, 0;
    %flag_set/imm 4, 0;
    %store/vec4a v0xaa6790, 4, 0;
    %pushi/vec4 34689072, 0, 32;
    %ix/load 4, 80, 0;
    %flag_set/imm 4, 0;
    %store/vec4a v0xaa6790, 4, 0;
    %pushi/vec4 17389600, 0, 32;
    %ix/load 4, 81, 0;
    %flag_set/imm 4, 0;
    %store/vec4a v0xaa6790, 4, 0;
    %pushi/vec4 21717024, 0, 32;
    %ix/load 4, 82, 0;
    %flag_set/imm 4, 0;
    %store/vec4a v0xaa6790, 4, 0;
    %pushi/vec4 2934702136, 0, 32;
    %ix/load 4, 83, 0;
    %flag_set/imm 4, 0;
    %store/vec4a v0xaa6790, 4, 0;
    %pushi/vec4 2398093318, 0, 32;
    %ix/load 4, 84, 0;
    %flag_set/imm 4, 0;
    %store/vec4a v0xaa6790, 4, 0;
    %pushi/vec4 2398158858, 0, 32;
    %ix/load 4, 85, 0;
    %flag_set/imm 4, 0;
    %store/vec4a v0xaa6790, 4, 0;
    %pushi/vec4 34684976, 0, 32;
    %ix/load 4, 86, 0;
    %flag_set/imm 4, 0;
    %store/vec4a v0xaa6790, 4, 0;
    %pushi/vec4 2398093319, 0, 32;
    %ix/load 4, 87, 0;
    %flag_set/imm 4, 0;
    %store/vec4a v0xaa6790, 4, 0;
    %pushi/vec4 2398158861, 0, 32;
    %ix/load 4, 88, 0;
    %flag_set/imm 4, 0;
    %store/vec4a v0xaa6790, 4, 0;
    %pushi/vec4 34687024, 0, 32;
    %ix/load 4, 89, 0;
    %flag_set/imm 4, 0;
    %store/vec4a v0xaa6790, 4, 0;
    %pushi/vec4 2398093320, 0, 32;
    %ix/load 4, 90, 0;
    %flag_set/imm 4, 0;
    %store/vec4a v0xaa6790, 4, 0;
    %pushi/vec4 2398158864, 0, 32;
    %ix/load 4, 91, 0;
    %flag_set/imm 4, 0;
    %store/vec4a v0xaa6790, 4, 0;
    %pushi/vec4 34689072, 0, 32;
    %ix/load 4, 92, 0;
    %flag_set/imm 4, 0;
    %store/vec4a v0xaa6790, 4, 0;
    %pushi/vec4 17389600, 0, 32;
    %ix/load 4, 93, 0;
    %flag_set/imm 4, 0;
    %store/vec4a v0xaa6790, 4, 0;
    %pushi/vec4 21717024, 0, 32;
    %ix/load 4, 94, 0;
    %flag_set/imm 4, 0;
    %store/vec4a v0xaa6790, 4, 0;
    %pushi/vec4 2934702137, 0, 32;
    %ix/load 4, 95, 0;
    %flag_set/imm 4, 0;
    %store/vec4a v0xaa6790, 4, 0;
    %pushi/vec4 2398093318, 0, 32;
    %ix/load 4, 96, 0;
    %flag_set/imm 4, 0;
    %store/vec4a v0xaa6790, 4, 0;
    %pushi/vec4 2398158859, 0, 32;
    %ix/load 4, 97, 0;
    %flag_set/imm 4, 0;
    %store/vec4a v0xaa6790, 4, 0;
    %pushi/vec4 34684976, 0, 32;
    %ix/load 4, 98, 0;
    %flag_set/imm 4, 0;
    %store/vec4a v0xaa6790, 4, 0;
    %pushi/vec4 2398093319, 0, 32;
    %ix/load 4, 99, 0;
    %flag_set/imm 4, 0;
    %store/vec4a v0xaa6790, 4, 0;
    %pushi/vec4 2398158862, 0, 32;
    %ix/load 4, 100, 0;
    %flag_set/imm 4, 0;
    %store/vec4a v0xaa6790, 4, 0;
    %pushi/vec4 34687024, 0, 32;
    %ix/load 4, 101, 0;
    %flag_set/imm 4, 0;
    %store/vec4a v0xaa6790, 4, 0;
    %pushi/vec4 2398093320, 0, 32;
    %ix/load 4, 102, 0;
    %flag_set/imm 4, 0;
    %store/vec4a v0xaa6790, 4, 0;
    %pushi/vec4 2398158865, 0, 32;
    %ix/load 4, 103, 0;
    %flag_set/imm 4, 0;
    %store/vec4a v0xaa6790, 4, 0;
    %pushi/vec4 34689072, 0, 32;
    %ix/load 4, 104, 0;
    %flag_set/imm 4, 0;
    %store/vec4a v0xaa6790, 4, 0;
    %pushi/vec4 17389600, 0, 32;
    %ix/load 4, 105, 0;
    %flag_set/imm 4, 0;
    %store/vec4a v0xaa6790, 4, 0;
    %pushi/vec4 21717024, 0, 32;
    %ix/load 4, 106, 0;
    %flag_set/imm 4, 0;
    %store/vec4a v0xaa6790, 4, 0;
    %pushi/vec4 2934702138, 0, 32;
    %ix/load 4, 107, 0;
    %flag_set/imm 4, 0;
    %store/vec4a v0xaa6790, 4, 0;
    %pushi/vec4 4294967295, 0, 32;
    %ix/load 4, 108, 0;
    %flag_set/imm 4, 0;
    %store/vec4a v0xaa6790, 4, 0;
    %end;
    .thread T_0;
    .scope S_0xa689d0;
T_1 ;
    %wait E_0xa55840;
    %load/vec4 v0xa6ec40_0;
    %store/vec4 v0xaa6860_0, 0, 32;
    %ix/getv/s 4, v0xaa6860_0;
    %load/vec4a v0xaa6790, 4;
    %store/vec4 v0xaa6940_0, 0, 32;
    %jmp T_1;
    .thread T_1;
    .scope S_0xaa6af0;
T_2 ;
    %wait E_0xa55840;
    %load/vec4 v0xaa6d40_0;
    %cmpi/e 0, 0, 2;
    %jmp/0xz  T_2.0, 4;
    %pushi/vec4 2, 0, 4;
    %store/vec4 v0xaa6f10_0, 0, 4;
    %jmp T_2.1;
T_2.0 ;
    %load/vec4 v0xaa6d40_0;
    %cmpi/e 1, 0, 2;
    %jmp/0xz  T_2.2, 4;
    %pushi/vec4 3, 0, 4;
    %store/vec4 v0xaa6f10_0, 0, 4;
    %jmp T_2.3;
T_2.2 ;
    %load/vec4 v0xaa6fe0_0;
    %cmpi/e 32, 0, 6;
    %jmp/0xz  T_2.4, 4;
    %pushi/vec4 2, 0, 4;
    %store/vec4 v0xaa6f10_0, 0, 4;
    %jmp T_2.5;
T_2.4 ;
    %load/vec4 v0xaa6fe0_0;
    %cmpi/e 34, 0, 6;
    %jmp/0xz  T_2.6, 4;
    %pushi/vec4 3, 0, 4;
    %store/vec4 v0xaa6f10_0, 0, 4;
    %jmp T_2.7;
T_2.6 ;
    %load/vec4 v0xaa6fe0_0;
    %cmpi/e 48, 0, 6;
    %jmp/0xz  T_2.8, 4;
    %pushi/vec4 7, 0, 4;
    %store/vec4 v0xaa6f10_0, 0, 4;
    %jmp T_2.9;
T_2.8 ;
    %load/vec4 v0xaa6fe0_0;
    %cmpi/e 36, 0, 6;
    %jmp/0xz  T_2.10, 4;
    %pushi/vec4 0, 0, 4;
    %store/vec4 v0xaa6f10_0, 0, 4;
    %jmp T_2.11;
T_2.10 ;
    %pushi/vec4 1, 0, 4;
    %store/vec4 v0xaa6f10_0, 0, 4;
T_2.11 ;
T_2.9 ;
T_2.7 ;
T_2.5 ;
T_2.3 ;
T_2.1 ;
    %jmp T_2;
    .thread T_2;
    .scope S_0xaa8170;
T_3 ;
    %wait E_0xa55840;
    %load/vec4 v0xaa8440_0;
    %dup/vec4;
    %pushi/vec4 0, 0, 4;
    %cmp/u;
    %jmp/1 T_3.0, 6;
    %dup/vec4;
    %pushi/vec4 1, 0, 4;
    %cmp/u;
    %jmp/1 T_3.1, 6;
    %dup/vec4;
    %pushi/vec4 2, 0, 4;
    %cmp/u;
    %jmp/1 T_3.2, 6;
    %dup/vec4;
    %pushi/vec4 3, 0, 4;
    %cmp/u;
    %jmp/1 T_3.3, 6;
    %dup/vec4;
    %pushi/vec4 7, 0, 4;
    %cmp/u;
    %jmp/1 T_3.4, 6;
    %pushi/vec4 0, 0, 32;
    %store/vec4 v0xaa86b0_0, 0, 32;
    %jmp T_3.6;
T_3.0 ;
    %load/vec4 v0xaa8500_0;
    %load/vec4 v0xaa85d0_0;
    %and;
    %store/vec4 v0xaa86b0_0, 0, 32;
    %jmp T_3.6;
T_3.1 ;
    %load/vec4 v0xaa8500_0;
    %pushi/vec4 0, 0, 32;
    %cmp/ne;
    %flag_get/vec4 4;
    %load/vec4 v0xaa85d0_0;
    %pushi/vec4 0, 0, 32;
    %cmp/ne;
    %flag_get/vec4 4;
    %or;
    %pad/u 32;
    %store/vec4 v0xaa86b0_0, 0, 32;
    %jmp T_3.6;
T_3.2 ;
    %load/vec4 v0xaa8500_0;
    %load/vec4 v0xaa85d0_0;
    %add;
    %store/vec4 v0xaa86b0_0, 0, 32;
    %jmp T_3.6;
T_3.3 ;
    %load/vec4 v0xaa8500_0;
    %load/vec4 v0xaa85d0_0;
    %sub;
    %store/vec4 v0xaa86b0_0, 0, 32;
    %jmp T_3.6;
T_3.4 ;
    %load/vec4 v0xaa8500_0;
    %load/vec4 v0xaa85d0_0;
    %mul;
    %store/vec4 v0xaa86b0_0, 0, 32;
    %jmp T_3.6;
T_3.6 ;
    %pop/vec4 1;
    %jmp T_3;
    .thread T_3;
    .scope S_0xaa73e0;
T_4 ;
    %pushi/vec4 0, 0, 32;
    %store/vec4 v0xaa77b0_0, 0, 32;
    %end;
    .thread T_4;
    .scope S_0xaa73e0;
T_5 ;
    %pushi/vec4 9, 0, 32;
    %ix/load 4, 0, 0;
    %flag_set/imm 4, 0;
    %store/vec4a v0xaa7f90, 4, 0;
    %pushi/vec4 9, 0, 32;
    %ix/load 4, 1, 0;
    %flag_set/imm 4, 0;
    %store/vec4a v0xaa7f90, 4, 0;
    %pushi/vec4 9, 0, 32;
    %ix/load 4, 2, 0;
    %flag_set/imm 4, 0;
    %store/vec4a v0xaa7f90, 4, 0;
    %pushi/vec4 9, 0, 32;
    %ix/load 4, 3, 0;
    %flag_set/imm 4, 0;
    %store/vec4a v0xaa7f90, 4, 0;
    %pushi/vec4 9, 0, 32;
    %ix/load 4, 4, 0;
    %flag_set/imm 4, 0;
    %store/vec4a v0xaa7f90, 4, 0;
    %pushi/vec4 9, 0, 32;
    %ix/load 4, 5, 0;
    %flag_set/imm 4, 0;
    %store/vec4a v0xaa7f90, 4, 0;
    %pushi/vec4 9, 0, 32;
    %ix/load 4, 6, 0;
    %flag_set/imm 4, 0;
    %store/vec4a v0xaa7f90, 4, 0;
    %pushi/vec4 9, 0, 32;
    %ix/load 4, 7, 0;
    %flag_set/imm 4, 0;
    %store/vec4a v0xaa7f90, 4, 0;
    %pushi/vec4 9, 0, 32;
    %ix/load 4, 8, 0;
    %flag_set/imm 4, 0;
    %store/vec4a v0xaa7f90, 4, 0;
    %pushi/vec4 9, 0, 32;
    %ix/load 4, 9, 0;
    %flag_set/imm 4, 0;
    %store/vec4a v0xaa7f90, 4, 0;
    %pushi/vec4 9, 0, 32;
    %ix/load 4, 10, 0;
    %flag_set/imm 4, 0;
    %store/vec4a v0xaa7f90, 4, 0;
    %pushi/vec4 9, 0, 32;
    %ix/load 4, 11, 0;
    %flag_set/imm 4, 0;
    %store/vec4a v0xaa7f90, 4, 0;
    %pushi/vec4 9, 0, 32;
    %ix/load 4, 12, 0;
    %flag_set/imm 4, 0;
    %store/vec4a v0xaa7f90, 4, 0;
    %pushi/vec4 9, 0, 32;
    %ix/load 4, 13, 0;
    %flag_set/imm 4, 0;
    %store/vec4a v0xaa7f90, 4, 0;
    %pushi/vec4 9, 0, 32;
    %ix/load 4, 14, 0;
    %flag_set/imm 4, 0;
    %store/vec4a v0xaa7f90, 4, 0;
    %pushi/vec4 9, 0, 32;
    %ix/load 4, 15, 0;
    %flag_set/imm 4, 0;
    %store/vec4a v0xaa7f90, 4, 0;
    %pushi/vec4 9, 0, 32;
    %ix/load 4, 16, 0;
    %flag_set/imm 4, 0;
    %store/vec4a v0xaa7f90, 4, 0;
    %pushi/vec4 9, 0, 32;
    %ix/load 4, 17, 0;
    %flag_set/imm 4, 0;
    %store/vec4a v0xaa7f90, 4, 0;
    %pushi/vec4 9, 0, 32;
    %ix/load 4, 18, 0;
    %flag_set/imm 4, 0;
    %store/vec4a v0xaa7f90, 4, 0;
    %pushi/vec4 14, 0, 32;
    %ix/load 4, 19, 0;
    %flag_set/imm 4, 0;
    %store/vec4a v0xaa7f90, 4, 0;
    %pushi/vec4 15, 0, 32;
    %ix/load 4, 20, 0;
    %flag_set/imm 4, 0;
    %store/vec4a v0xaa7f90, 4, 0;
    %pushi/vec4 11, 0, 32;
    %ix/load 4, 21, 0;
    %flag_set/imm 4, 0;
    %store/vec4a v0xaa7f90, 4, 0;
    %end;
    .thread T_5;
    .scope S_0xaa73e0;
T_6 ;
    %wait E_0xa55840;
    %load/vec4 v0xaa76b0_0;
    %store/vec4 v0xaa77b0_0, 0, 32;
    %load/vec4 v0xaa7d40_0;
    %pad/u 32;
    %cmpi/e 1, 0, 32;
    %jmp/0xz  T_6.0, 4;
    %ix/getv/s 4, v0xaa77b0_0;
    %load/vec4a v0xaa7f90, 4;
    %store/vec4 v0xaa79b0_0, 0, 32;
    %jmp T_6.1;
T_6.0 ;
    %load/vec4 v0xaa7e20_0;
    %pad/u 32;
    %cmpi/e 1, 0, 32;
    %jmp/0xz  T_6.2, 4;
    %load/vec4 v0xaa7c60_0;
    %ix/getv/s 4, v0xaa77b0_0;
    %store/vec4a v0xaa7f90, 4, 0;
T_6.2 ;
T_6.1 ;
    %jmp T_6;
    .thread T_6;
    .scope S_0xaa73e0;
T_7 ;
    %wait E_0xa55840;
    %load/vec4 v0xaa7ba0_0;
    %pad/u 32;
    %cmpi/e 1, 0, 32;
    %jmp/0xz  T_7.0, 4;
    %vpi_func 7 54 "$fopen" 32, "output_<IMT2017022>.txt", "w" {0 0 0};
    %store/vec4 v0xaa7a70_0, 0, 32;
    %vpi_call 7 55 "$fwrite", v0xaa7a70_0, "%0d ", &A<v0xaa7f90, 50> {0 0 0};
    %vpi_call 7 56 "$fwrite", v0xaa7a70_0, "%0d ", &A<v0xaa7f90, 51> {0 0 0};
    %vpi_call 7 57 "$fwrite", v0xaa7a70_0, "%0d\012", &A<v0xaa7f90, 52> {0 0 0};
    %vpi_call 7 58 "$fwrite", v0xaa7a70_0, "%0d ", &A<v0xaa7f90, 53> {0 0 0};
    %vpi_call 7 59 "$fwrite", v0xaa7a70_0, "%0d ", &A<v0xaa7f90, 54> {0 0 0};
    %vpi_call 7 60 "$fwrite", v0xaa7a70_0, "%0d\012", &A<v0xaa7f90, 55> {0 0 0};
    %vpi_call 7 61 "$fwrite", v0xaa7a70_0, "%0d ", &A<v0xaa7f90, 56> {0 0 0};
    %vpi_call 7 62 "$fwrite", v0xaa7a70_0, "%0d ", &A<v0xaa7f90, 57> {0 0 0};
    %vpi_call 7 63 "$fwrite", v0xaa7a70_0, "%0d\012", &A<v0xaa7f90, 58> {0 0 0};
    %vpi_call 7 64 "$fclose", v0xaa7a70_0 {0 0 0};
T_7.0 ;
    %jmp T_7;
    .thread T_7;
    .scope S_0xaa7150;
T_8 ;
    %pushi/vec4 0, 0, 1;
    %store/vec4 v0xaa8c50_0, 0, 1;
    %pushi/vec4 0, 0, 32;
    %store/vec4 v0xaa9350_0, 0, 32;
    %pushi/vec4 0, 0, 32;
    %store/vec4 v0xaa9410_0, 0, 32;
    %pushi/vec4 0, 0, 32;
    %store/vec4 v0xaa94f0_0, 0, 32;
    %pushi/vec4 0, 0, 32;
    %store/vec4 v0xaa95d0_0, 0, 32;
    %pushi/vec4 0, 0, 32;
    %store/vec4 v0xaa96b0_0, 0, 32;
    %pushi/vec4 0, 0, 32;
    %store/vec4 v0xaa9860_0, 0, 32;
    %pushi/vec4 0, 0, 32;
    %store/vec4 v0xaa9900_0, 0, 32;
    %pushi/vec4 0, 0, 32;
    %store/vec4 v0xaa99e0_0, 0, 32;
    %pushi/vec4 0, 0, 32;
    %store/vec4 v0xaa9ac0_0, 0, 32;
    %pushi/vec4 0, 0, 32;
    %store/vec4 v0xaa9ba0_0, 0, 32;
    %pushi/vec4 0, 0, 32;
    %store/vec4 v0xaa9c80_0, 0, 32;
    %pushi/vec4 0, 0, 32;
    %store/vec4 v0xaa9d60_0, 0, 32;
    %pushi/vec4 0, 0, 32;
    %store/vec4 v0xaa9e40_0, 0, 32;
    %pushi/vec4 0, 0, 32;
    %store/vec4 v0xaa9f20_0, 0, 32;
    %pushi/vec4 0, 0, 32;
    %store/vec4 v0xaaa000_0, 0, 32;
    %pushi/vec4 0, 0, 32;
    %store/vec4 v0xaaa0e0_0, 0, 32;
    %end;
    .thread T_8;
    .scope S_0xaa7150;
T_9 ;
    %wait E_0xa55840;
    %load/vec4 v0xaa8d40_0;
    %parti/s 6, 26, 6;
    %cmpi/e 63, 0, 6;
    %jmp/0xz  T_9.0, 4;
    %pushi/vec4 1, 0, 1;
    %store/vec4 v0xaa8c50_0, 0, 1;
T_9.0 ;
    %jmp T_9;
    .thread T_9;
    .scope S_0xaa7150;
T_10 ;
    %wait E_0xa55840;
    %load/vec4 v0xaa8d40_0;
    %parti/s 5, 21, 6;
    %cmpi/e 16, 0, 5;
    %jmp/0xz  T_10.0, 4;
    %load/vec4 v0xaa9350_0;
    %store/vec4 v0xaa90b0_0, 0, 32;
T_10.0 ;
    %load/vec4 v0xaa8d40_0;
    %parti/s 5, 21, 6;
    %cmpi/e 17, 0, 5;
    %jmp/0xz  T_10.2, 4;
    %load/vec4 v0xaa9410_0;
    %store/vec4 v0xaa90b0_0, 0, 32;
T_10.2 ;
    %load/vec4 v0xaa8d40_0;
    %parti/s 5, 21, 6;
    %cmpi/e 18, 0, 5;
    %jmp/0xz  T_10.4, 4;
    %load/vec4 v0xaa94f0_0;
    %store/vec4 v0xaa90b0_0, 0, 32;
T_10.4 ;
    %load/vec4 v0xaa8d40_0;
    %parti/s 5, 21, 6;
    %cmpi/e 19, 0, 5;
    %jmp/0xz  T_10.6, 4;
    %load/vec4 v0xaa95d0_0;
    %store/vec4 v0xaa90b0_0, 0, 32;
T_10.6 ;
    %load/vec4 v0xaa8d40_0;
    %parti/s 5, 21, 6;
    %cmpi/e 20, 0, 5;
    %jmp/0xz  T_10.8, 4;
    %load/vec4 v0xaa96b0_0;
    %store/vec4 v0xaa90b0_0, 0, 32;
T_10.8 ;
    %load/vec4 v0xaa8d40_0;
    %parti/s 5, 21, 6;
    %cmpi/e 21, 0, 5;
    %jmp/0xz  T_10.10, 4;
    %load/vec4 v0xaa9860_0;
    %store/vec4 v0xaa90b0_0, 0, 32;
T_10.10 ;
    %load/vec4 v0xaa8d40_0;
    %parti/s 5, 21, 6;
    %cmpi/e 22, 0, 5;
    %jmp/0xz  T_10.12, 4;
    %load/vec4 v0xaa9900_0;
    %store/vec4 v0xaa90b0_0, 0, 32;
T_10.12 ;
    %load/vec4 v0xaa8d40_0;
    %parti/s 5, 21, 6;
    %cmpi/e 23, 0, 5;
    %jmp/0xz  T_10.14, 4;
    %load/vec4 v0xaa99e0_0;
    %store/vec4 v0xaa90b0_0, 0, 32;
T_10.14 ;
    %load/vec4 v0xaa8d40_0;
    %parti/s 5, 21, 6;
    %cmpi/e 8, 0, 5;
    %jmp/0xz  T_10.16, 4;
    %load/vec4 v0xaa9ac0_0;
    %store/vec4 v0xaa90b0_0, 0, 32;
T_10.16 ;
    %load/vec4 v0xaa8d40_0;
    %parti/s 5, 21, 6;
    %cmpi/e 9, 0, 5;
    %jmp/0xz  T_10.18, 4;
    %load/vec4 v0xaa9ba0_0;
    %store/vec4 v0xaa90b0_0, 0, 32;
T_10.18 ;
    %load/vec4 v0xaa8d40_0;
    %parti/s 5, 21, 6;
    %cmpi/e 10, 0, 5;
    %jmp/0xz  T_10.20, 4;
    %load/vec4 v0xaa9c80_0;
    %store/vec4 v0xaa90b0_0, 0, 32;
T_10.20 ;
    %load/vec4 v0xaa8d40_0;
    %parti/s 5, 21, 6;
    %cmpi/e 11, 0, 5;
    %jmp/0xz  T_10.22, 4;
    %load/vec4 v0xaa9d60_0;
    %store/vec4 v0xaa90b0_0, 0, 32;
T_10.22 ;
    %load/vec4 v0xaa8d40_0;
    %parti/s 5, 21, 6;
    %cmpi/e 12, 0, 5;
    %jmp/0xz  T_10.24, 4;
    %load/vec4 v0xaa9e40_0;
    %store/vec4 v0xaa90b0_0, 0, 32;
T_10.24 ;
    %load/vec4 v0xaa8d40_0;
    %parti/s 5, 21, 6;
    %cmpi/e 13, 0, 5;
    %jmp/0xz  T_10.26, 4;
    %load/vec4 v0xaa9f20_0;
    %store/vec4 v0xaa90b0_0, 0, 32;
T_10.26 ;
    %load/vec4 v0xaa8d40_0;
    %parti/s 5, 21, 6;
    %cmpi/e 14, 0, 5;
    %jmp/0xz  T_10.28, 4;
    %load/vec4 v0xaaa000_0;
    %store/vec4 v0xaa90b0_0, 0, 32;
T_10.28 ;
    %load/vec4 v0xaa8d40_0;
    %parti/s 5, 21, 6;
    %cmpi/e 15, 0, 5;
    %jmp/0xz  T_10.30, 4;
    %load/vec4 v0xaaa0e0_0;
    %store/vec4 v0xaa90b0_0, 0, 32;
T_10.30 ;
    %load/vec4 v0xaa8d40_0;
    %parti/s 5, 16, 6;
    %cmpi/e 16, 0, 5;
    %jmp/0xz  T_10.32, 4;
    %load/vec4 v0xaa9350_0;
    %store/vec4 v0xaa91a0_0, 0, 32;
T_10.32 ;
    %load/vec4 v0xaa8d40_0;
    %parti/s 5, 16, 6;
    %cmpi/e 17, 0, 5;
    %jmp/0xz  T_10.34, 4;
    %load/vec4 v0xaa9410_0;
    %store/vec4 v0xaa91a0_0, 0, 32;
T_10.34 ;
    %load/vec4 v0xaa8d40_0;
    %parti/s 5, 16, 6;
    %cmpi/e 18, 0, 5;
    %jmp/0xz  T_10.36, 4;
    %load/vec4 v0xaa94f0_0;
    %store/vec4 v0xaa91a0_0, 0, 32;
T_10.36 ;
    %load/vec4 v0xaa8d40_0;
    %parti/s 5, 16, 6;
    %cmpi/e 19, 0, 5;
    %jmp/0xz  T_10.38, 4;
    %load/vec4 v0xaa95d0_0;
    %store/vec4 v0xaa91a0_0, 0, 32;
T_10.38 ;
    %load/vec4 v0xaa8d40_0;
    %parti/s 5, 16, 6;
    %cmpi/e 20, 0, 5;
    %jmp/0xz  T_10.40, 4;
    %load/vec4 v0xaa96b0_0;
    %store/vec4 v0xaa91a0_0, 0, 32;
T_10.40 ;
    %load/vec4 v0xaa8d40_0;
    %parti/s 5, 16, 6;
    %cmpi/e 21, 0, 5;
    %jmp/0xz  T_10.42, 4;
    %load/vec4 v0xaa9860_0;
    %store/vec4 v0xaa91a0_0, 0, 32;
T_10.42 ;
    %load/vec4 v0xaa8d40_0;
    %parti/s 5, 16, 6;
    %cmpi/e 22, 0, 5;
    %jmp/0xz  T_10.44, 4;
    %load/vec4 v0xaa9900_0;
    %store/vec4 v0xaa91a0_0, 0, 32;
T_10.44 ;
    %load/vec4 v0xaa8d40_0;
    %parti/s 5, 16, 6;
    %cmpi/e 23, 0, 5;
    %jmp/0xz  T_10.46, 4;
    %load/vec4 v0xaa99e0_0;
    %store/vec4 v0xaa91a0_0, 0, 32;
T_10.46 ;
    %load/vec4 v0xaa8d40_0;
    %parti/s 5, 16, 6;
    %cmpi/e 8, 0, 5;
    %jmp/0xz  T_10.48, 4;
    %load/vec4 v0xaa9ac0_0;
    %store/vec4 v0xaa91a0_0, 0, 32;
T_10.48 ;
    %load/vec4 v0xaa8d40_0;
    %parti/s 5, 16, 6;
    %cmpi/e 9, 0, 5;
    %jmp/0xz  T_10.50, 4;
    %load/vec4 v0xaa9ba0_0;
    %store/vec4 v0xaa91a0_0, 0, 32;
T_10.50 ;
    %load/vec4 v0xaa8d40_0;
    %parti/s 5, 16, 6;
    %cmpi/e 10, 0, 5;
    %jmp/0xz  T_10.52, 4;
    %load/vec4 v0xaa9c80_0;
    %store/vec4 v0xaa91a0_0, 0, 32;
T_10.52 ;
    %load/vec4 v0xaa8d40_0;
    %parti/s 5, 16, 6;
    %cmpi/e 11, 0, 5;
    %jmp/0xz  T_10.54, 4;
    %load/vec4 v0xaa9d60_0;
    %store/vec4 v0xaa91a0_0, 0, 32;
T_10.54 ;
    %load/vec4 v0xaa8d40_0;
    %parti/s 5, 16, 6;
    %cmpi/e 12, 0, 5;
    %jmp/0xz  T_10.56, 4;
    %load/vec4 v0xaa9e40_0;
    %store/vec4 v0xaa91a0_0, 0, 32;
T_10.56 ;
    %load/vec4 v0xaa8d40_0;
    %parti/s 5, 16, 6;
    %cmpi/e 13, 0, 5;
    %jmp/0xz  T_10.58, 4;
    %load/vec4 v0xaa9f20_0;
    %store/vec4 v0xaa91a0_0, 0, 32;
T_10.58 ;
    %load/vec4 v0xaa8d40_0;
    %parti/s 5, 16, 6;
    %cmpi/e 14, 0, 5;
    %jmp/0xz  T_10.60, 4;
    %load/vec4 v0xaaa000_0;
    %store/vec4 v0xaa91a0_0, 0, 32;
T_10.60 ;
    %load/vec4 v0xaa8d40_0;
    %parti/s 5, 16, 6;
    %cmpi/e 15, 0, 5;
    %jmp/0xz  T_10.62, 4;
    %load/vec4 v0xaaa0e0_0;
    %store/vec4 v0xaa91a0_0, 0, 32;
T_10.62 ;
    %jmp T_10;
    .thread T_10;
    .scope S_0xaa7150;
T_11 ;
    %wait E_0xa55840;
    %load/vec4 v0xaa8b90_0;
    %parti/s 1, 7, 4;
    %dup/vec4;
    %pushi/vec4 0, 0, 1;
    %cmp/u;
    %jmp/1 T_11.0, 6;
    %dup/vec4;
    %pushi/vec4 1, 0, 1;
    %cmp/u;
    %jmp/1 T_11.1, 6;
    %load/vec4 v0xaa91a0_0;
    %store/vec4 v0xaa9260_0, 0, 32;
    %jmp T_11.3;
T_11.0 ;
    %load/vec4 v0xaa91a0_0;
    %store/vec4 v0xaa9260_0, 0, 32;
    %jmp T_11.3;
T_11.1 ;
    %load/vec4 v0xaa8d40_0;
    %parti/s 16, 0, 2;
    %pad/u 32;
    %store/vec4 v0xaa9260_0, 0, 32;
    %jmp T_11.3;
T_11.3 ;
    %pop/vec4 1;
    %jmp T_11;
    .thread T_11;
    .scope S_0xaa7150;
T_12 ;
    %wait E_0xa55840;
    %load/vec4 v0xaa8b90_0;
    %parti/s 1, 3, 3;
    %dup/vec4;
    %pushi/vec4 0, 0, 1;
    %cmp/u;
    %jmp/1 T_12.0, 6;
    %dup/vec4;
    %pushi/vec4 1, 0, 1;
    %cmp/u;
    %jmp/1 T_12.1, 6;
    %load/vec4 v0xaa8e80_0;
    %store/vec4 v0xaa8e80_0, 0, 32;
    %jmp T_12.3;
T_12.0 ;
    %load/vec4 v0xaa8870_0;
    %store/vec4 v0xaa8e80_0, 0, 32;
    %jmp T_12.3;
T_12.1 ;
    %load/vec4 v0xaa8de0_0;
    %store/vec4 v0xaa8e80_0, 0, 32;
    %jmp T_12.3;
T_12.3 ;
    %pop/vec4 1;
    %jmp T_12;
    .thread T_12;
    .scope S_0xaa7150;
T_13 ;
    %wait E_0xa55840;
    %load/vec4 v0xaa8b90_0;
    %parti/s 1, 0, 2;
    %dup/vec4;
    %pushi/vec4 0, 0, 1;
    %cmp/u;
    %jmp/1 T_13.0, 6;
    %dup/vec4;
    %pushi/vec4 1, 0, 1;
    %cmp/u;
    %jmp/1 T_13.1, 6;
    %load/vec4 v0xaa8d40_0;
    %parti/s 5, 11, 5;
    %store/vec4 v0xaa8f40_0, 0, 5;
    %jmp T_13.3;
T_13.0 ;
    %load/vec4 v0xaa8d40_0;
    %parti/s 5, 16, 6;
    %store/vec4 v0xaa8f40_0, 0, 5;
    %jmp T_13.3;
T_13.1 ;
    %load/vec4 v0xaa8d40_0;
    %parti/s 5, 11, 5;
    %store/vec4 v0xaa8f40_0, 0, 5;
    %jmp T_13.3;
T_13.3 ;
    %pop/vec4 1;
    %jmp T_13;
    .thread T_13;
    .scope S_0xaa7150;
T_14 ;
    %wait E_0xa55840;
    %load/vec4 v0xaa8b90_0;
    %parti/s 1, 8, 5;
    %pad/u 32;
    %cmpi/e 1, 0, 32;
    %jmp/0xz  T_14.0, 4;
    %load/vec4 v0xaa8f40_0;
    %cmpi/e 16, 0, 5;
    %jmp/0xz  T_14.2, 4;
    %load/vec4 v0xaa8e80_0;
    %store/vec4 v0xaa9350_0, 0, 32;
T_14.2 ;
    %load/vec4 v0xaa8f40_0;
    %cmpi/e 17, 0, 5;
    %jmp/0xz  T_14.4, 4;
    %load/vec4 v0xaa8e80_0;
    %store/vec4 v0xaa9410_0, 0, 32;
T_14.4 ;
    %load/vec4 v0xaa8f40_0;
    %cmpi/e 18, 0, 5;
    %jmp/0xz  T_14.6, 4;
    %load/vec4 v0xaa8e80_0;
    %store/vec4 v0xaa94f0_0, 0, 32;
T_14.6 ;
    %load/vec4 v0xaa8f40_0;
    %cmpi/e 19, 0, 5;
    %jmp/0xz  T_14.8, 4;
    %load/vec4 v0xaa8e80_0;
    %store/vec4 v0xaa95d0_0, 0, 32;
T_14.8 ;
    %load/vec4 v0xaa8f40_0;
    %cmpi/e 20, 0, 5;
    %jmp/0xz  T_14.10, 4;
    %load/vec4 v0xaa8e80_0;
    %store/vec4 v0xaa96b0_0, 0, 32;
T_14.10 ;
    %load/vec4 v0xaa8f40_0;
    %cmpi/e 21, 0, 5;
    %jmp/0xz  T_14.12, 4;
    %load/vec4 v0xaa8e80_0;
    %store/vec4 v0xaa9860_0, 0, 32;
T_14.12 ;
    %load/vec4 v0xaa8f40_0;
    %cmpi/e 22, 0, 5;
    %jmp/0xz  T_14.14, 4;
    %load/vec4 v0xaa8e80_0;
    %store/vec4 v0xaa9900_0, 0, 32;
T_14.14 ;
    %load/vec4 v0xaa8f40_0;
    %cmpi/e 23, 0, 5;
    %jmp/0xz  T_14.16, 4;
    %load/vec4 v0xaa8e80_0;
    %store/vec4 v0xaa99e0_0, 0, 32;
T_14.16 ;
    %load/vec4 v0xaa8f40_0;
    %cmpi/e 8, 0, 5;
    %jmp/0xz  T_14.18, 4;
    %load/vec4 v0xaa8e80_0;
    %store/vec4 v0xaa9ac0_0, 0, 32;
T_14.18 ;
    %load/vec4 v0xaa8f40_0;
    %cmpi/e 9, 0, 5;
    %jmp/0xz  T_14.20, 4;
    %load/vec4 v0xaa8e80_0;
    %store/vec4 v0xaa9ba0_0, 0, 32;
T_14.20 ;
    %load/vec4 v0xaa8f40_0;
    %cmpi/e 10, 0, 5;
    %jmp/0xz  T_14.22, 4;
    %load/vec4 v0xaa8e80_0;
    %store/vec4 v0xaa9c80_0, 0, 32;
T_14.22 ;
    %load/vec4 v0xaa8f40_0;
    %cmpi/e 11, 0, 5;
    %jmp/0xz  T_14.24, 4;
    %load/vec4 v0xaa8e80_0;
    %store/vec4 v0xaa9d60_0, 0, 32;
T_14.24 ;
    %load/vec4 v0xaa8f40_0;
    %cmpi/e 12, 0, 5;
    %jmp/0xz  T_14.26, 4;
    %load/vec4 v0xaa8e80_0;
    %store/vec4 v0xaa9e40_0, 0, 32;
T_14.26 ;
    %load/vec4 v0xaa8f40_0;
    %cmpi/e 13, 0, 5;
    %jmp/0xz  T_14.28, 4;
    %load/vec4 v0xaa8e80_0;
    %store/vec4 v0xaa9f20_0, 0, 32;
T_14.28 ;
    %load/vec4 v0xaa8f40_0;
    %cmpi/e 14, 0, 5;
    %jmp/0xz  T_14.30, 4;
    %load/vec4 v0xaa8e80_0;
    %store/vec4 v0xaaa000_0, 0, 32;
T_14.30 ;
    %load/vec4 v0xaa8f40_0;
    %cmpi/e 15, 0, 5;
    %jmp/0xz  T_14.32, 4;
    %load/vec4 v0xaa8e80_0;
    %store/vec4 v0xaaa0e0_0, 0, 32;
T_14.32 ;
T_14.0 ;
    %jmp T_14;
    .thread T_14;
    .scope S_0xa68d00;
T_15 ;
    %pushi/vec4 0, 0, 1;
    %store/vec4 v0xaaa780_0, 0, 1;
    %end;
    .thread T_15;
    .scope S_0xa68d00;
T_16 ;
    %wait E_0xa55840;
    %load/vec4 v0xaaa5b0_0;
    %parti/s 1, 0, 2;
    %inv;
    %load/vec4 v0xaaa5b0_0;
    %parti/s 1, 1, 2;
    %inv;
    %and;
    %load/vec4 v0xaaa5b0_0;
    %parti/s 1, 2, 3;
    %inv;
    %and;
    %load/vec4 v0xaaa5b0_0;
    %parti/s 1, 3, 3;
    %inv;
    %and;
    %load/vec4 v0xaaa5b0_0;
    %parti/s 1, 4, 4;
    %inv;
    %and;
    %load/vec4 v0xaaa5b0_0;
    %parti/s 1, 5, 4;
    %inv;
    %and;
    %ix/load 4, 0, 0;
    %flag_set/imm 4, 0;
    %store/vec4 v0xaaa840_0, 4, 1;
    %load/vec4 v0xaaa5b0_0;
    %parti/s 1, 0, 2;
    %inv;
    %load/vec4 v0xaaa5b0_0;
    %parti/s 1, 1, 2;
    %inv;
    %and;
    %load/vec4 v0xaaa5b0_0;
    %parti/s 1, 2, 3;
    %and;
    %load/vec4 v0xaaa5b0_0;
    %parti/s 1, 3, 3;
    %inv;
    %and;
    %load/vec4 v0xaaa5b0_0;
    %parti/s 1, 4, 4;
    %inv;
    %and;
    %load/vec4 v0xaaa5b0_0;
    %parti/s 1, 5, 4;
    %inv;
    %and;
    %ix/load 4, 1, 0;
    %flag_set/imm 4, 0;
    %store/vec4 v0xaaa840_0, 4, 1;
    %load/vec4 v0xaaa5b0_0;
    %parti/s 1, 0, 2;
    %load/vec4 v0xaaa5b0_0;
    %parti/s 1, 1, 2;
    %and;
    %load/vec4 v0xaaa5b0_0;
    %parti/s 1, 2, 3;
    %inv;
    %and;
    %load/vec4 v0xaaa5b0_0;
    %parti/s 1, 3, 3;
    %inv;
    %and;
    %load/vec4 v0xaaa5b0_0;
    %parti/s 1, 4, 4;
    %inv;
    %and;
    %load/vec4 v0xaaa5b0_0;
    %parti/s 1, 5, 4;
    %and;
    %ix/load 4, 2, 0;
    %flag_set/imm 4, 0;
    %store/vec4 v0xaaa840_0, 4, 1;
    %load/vec4 v0xaaa5b0_0;
    %parti/s 1, 0, 2;
    %load/vec4 v0xaaa5b0_0;
    %parti/s 1, 1, 2;
    %and;
    %load/vec4 v0xaaa5b0_0;
    %parti/s 1, 2, 3;
    %inv;
    %and;
    %load/vec4 v0xaaa5b0_0;
    %parti/s 1, 3, 3;
    %inv;
    %and;
    %load/vec4 v0xaaa5b0_0;
    %parti/s 1, 4, 4;
    %inv;
    %and;
    %load/vec4 v0xaaa5b0_0;
    %parti/s 1, 5, 4;
    %and;
    %ix/load 4, 3, 0;
    %flag_set/imm 4, 0;
    %store/vec4 v0xaaa840_0, 4, 1;
    %load/vec4 v0xaaa5b0_0;
    %parti/s 1, 0, 2;
    %inv;
    %load/vec4 v0xaaa5b0_0;
    %parti/s 1, 1, 2;
    %inv;
    %and;
    %load/vec4 v0xaaa5b0_0;
    %parti/s 1, 2, 3;
    %and;
    %load/vec4 v0xaaa5b0_0;
    %parti/s 1, 3, 3;
    %inv;
    %and;
    %load/vec4 v0xaaa5b0_0;
    %parti/s 1, 4, 4;
    %inv;
    %and;
    %load/vec4 v0xaaa5b0_0;
    %parti/s 1, 5, 4;
    %inv;
    %and;
    %ix/load 4, 4, 0;
    %flag_set/imm 4, 0;
    %store/vec4 v0xaaa840_0, 4, 1;
    %load/vec4 v0xaaa5b0_0;
    %parti/s 1, 0, 2;
    %inv;
    %load/vec4 v0xaaa5b0_0;
    %parti/s 1, 1, 2;
    %inv;
    %and;
    %load/vec4 v0xaaa5b0_0;
    %parti/s 1, 2, 3;
    %inv;
    %and;
    %load/vec4 v0xaaa5b0_0;
    %parti/s 1, 3, 3;
    %inv;
    %and;
    %load/vec4 v0xaaa5b0_0;
    %parti/s 1, 4, 4;
    %inv;
    %and;
    %load/vec4 v0xaaa5b0_0;
    %parti/s 1, 5, 4;
    %inv;
    %and;
    %ix/load 4, 5, 0;
    %flag_set/imm 4, 0;
    %store/vec4 v0xaaa840_0, 4, 1;
    %load/vec4 v0xaaa5b0_0;
    %parti/s 1, 0, 2;
    %load/vec4 v0xaaa5b0_0;
    %parti/s 1, 1, 2;
    %and;
    %load/vec4 v0xaaa5b0_0;
    %parti/s 1, 2, 3;
    %inv;
    %and;
    %load/vec4 v0xaaa5b0_0;
    %parti/s 1, 3, 3;
    %and;
    %load/vec4 v0xaaa5b0_0;
    %parti/s 1, 4, 4;
    %inv;
    %and;
    %load/vec4 v0xaaa5b0_0;
    %parti/s 1, 5, 4;
    %and;
    %ix/load 4, 6, 0;
    %flag_set/imm 4, 0;
    %store/vec4 v0xaaa840_0, 4, 1;
    %load/vec4 v0xaaa5b0_0;
    %parti/s 1, 0, 2;
    %load/vec4 v0xaaa5b0_0;
    %parti/s 1, 1, 2;
    %and;
    %load/vec4 v0xaaa5b0_0;
    %parti/s 1, 2, 3;
    %inv;
    %and;
    %load/vec4 v0xaaa5b0_0;
    %parti/s 1, 3, 3;
    %inv;
    %and;
    %load/vec4 v0xaaa5b0_0;
    %parti/s 1, 4, 4;
    %inv;
    %and;
    %load/vec4 v0xaaa5b0_0;
    %parti/s 1, 5, 4;
    %and;
    %load/vec4 v0xaaa5b0_0;
    %parti/s 1, 0, 2;
    %load/vec4 v0xaaa5b0_0;
    %parti/s 1, 1, 2;
    %and;
    %load/vec4 v0xaaa5b0_0;
    %parti/s 1, 2, 3;
    %inv;
    %and;
    %load/vec4 v0xaaa5b0_0;
    %parti/s 1, 3, 3;
    %and;
    %load/vec4 v0xaaa5b0_0;
    %parti/s 1, 4, 4;
    %inv;
    %and;
    %load/vec4 v0xaaa5b0_0;
    %parti/s 1, 5, 4;
    %and;
    %or;
    %ix/load 4, 7, 0;
    %flag_set/imm 4, 0;
    %store/vec4 v0xaaa840_0, 4, 1;
    %load/vec4 v0xaaa5b0_0;
    %parti/s 1, 0, 2;
    %inv;
    %load/vec4 v0xaaa5b0_0;
    %parti/s 1, 1, 2;
    %inv;
    %and;
    %load/vec4 v0xaaa5b0_0;
    %parti/s 1, 2, 3;
    %inv;
    %and;
    %load/vec4 v0xaaa5b0_0;
    %parti/s 1, 3, 3;
    %inv;
    %and;
    %load/vec4 v0xaaa5b0_0;
    %parti/s 1, 4, 4;
    %inv;
    %and;
    %load/vec4 v0xaaa5b0_0;
    %parti/s 1, 5, 4;
    %inv;
    %and;
    %load/vec4 v0xaaa5b0_0;
    %parti/s 1, 0, 2;
    %load/vec4 v0xaaa5b0_0;
    %parti/s 1, 1, 2;
    %and;
    %load/vec4 v0xaaa5b0_0;
    %parti/s 1, 2, 3;
    %inv;
    %and;
    %load/vec4 v0xaaa5b0_0;
    %parti/s 1, 3, 3;
    %inv;
    %and;
    %load/vec4 v0xaaa5b0_0;
    %parti/s 1, 4, 4;
    %inv;
    %and;
    %load/vec4 v0xaaa5b0_0;
    %parti/s 1, 5, 4;
    %and;
    %or;
    %ix/load 4, 8, 0;
    %flag_set/imm 4, 0;
    %store/vec4 v0xaaa840_0, 4, 1;
    %pushi/vec4 1, 0, 1;
    %store/vec4 v0xaaa780_0, 0, 1;
    %jmp T_16;
    .thread T_16;
    .scope S_0xa67240;
T_17 ;
    %vpi_call 2 15 "$dumpfile", "main_out_<IMT2017022>.vcd" {0 0 0};
    %vpi_call 2 16 "$dumpvars", 32'sb00000000000000000000000000000000, S_0xa67240 {0 0 0};
    %pushi/vec4 1, 0, 1;
    %store/vec4 v0xaaab10_0, 0, 1;
    %pushi/vec4 0, 0, 32;
    %store/vec4 v0xaaaa00_0, 0, 32;
    %end;
    .thread T_17;
    .scope S_0xa67240;
T_18 ;
    %delay 30, 0;
    ; show_stmt_assign_vector: Get l-value for compressed += operand
    %load/vec4 v0xaaaa00_0;
    %pushi/vec4 1, 0, 32;
    %add;
    %store/vec4 v0xaaaa00_0, 0, 32;
    %jmp T_18;
    .thread T_18;
    .scope S_0xa67240;
T_19 ;
    %delay 1, 0;
    %load/vec4 v0xaaab10_0;
    %inv;
    %store/vec4 v0xaaab10_0, 0, 1;
    %jmp T_19;
    .thread T_19;
    .scope S_0xa67240;
T_20 ;
    %delay 3270, 0;
    %vpi_call 2 30 "$stop" {0 0 0};
    %end;
    .thread T_20;
# The file index is used to find the file name in the following table.
:file_names 9;
    "N/A";
    "<interactive>";
    "main_tb_<IMT2017022>.v";
    "control_<IMT2017022>.v";
    "instruction_set_<IMT2017022>.v";
    "alucontrol_<IMT2017022>.v";
    "register_<IMT2017022>.v";
    "mainmemory_<IMT2017022>.v";
    "ALU_<IMT2017022>.v";
